toc<>目次<>https://anineco.org/toc.html<><>0<>
about<>このサイトについて<>https://anineco.org/about.html<><>0<>
profile<>自己紹介<>https://anineco.org/profile.html<><>0<>
link<>リンク集<>https://anineco.org/link.html<><>0<>
history<>更新履歴<>https://anineco.org/history.html<><>0<>
ch1997<>山行一覧（1975〜1997年）<>https://anineco.org/ch1997.html<><>0<>
ch1998<>山行記録（1998年）<>https://anineco.org/ch1998.html<><>0<>
ch1999<>山行記録（1999年）<>https://anineco.org/ch1999.html<><>0<>
ch2000<>山行記録（2000年）<>https://anineco.org/ch2000.html<><>0<>
ch2001<>山行記録（2001年）<>https://anineco.org/ch2001.html<><>0<>
ch2002<>山行記録（2002年）<>https://anineco.org/ch2002.html<><>0<>
ch2003<>山行記録（2003年）<>https://anineco.org/ch2003.html<><>0<>
ch2004<>山行記録（2004年）<>https://anineco.org/ch2004.html<><>0<>
ch2005<>山行記録（2005年）<>https://anineco.org/ch2005.html<><>0<>
ch2006<>山行記録（2006年）<>https://anineco.org/ch2006.html<><>0<>
ch2007<>山行記録（2007年）<>https://anineco.org/ch2007.html<><>0<>
ch2008<>山行記録（2008年）<>https://anineco.org/ch2008.html<><>0<>
ch2009<>山行記録（2009年）<>https://anineco.org/ch2009.html<><>0<>
ch2010<>山行記録（2010年）<>https://anineco.org/ch2010.html<><>0<>
ch2011<>山行記録（2011年）<>https://anineco.org/ch2011.html<><>0<>
ch2012<>山行記録（2012年）<>https://anineco.org/ch2012.html<><>0<>
ch2013<>山行記録（2013年）<>https://anineco.org/ch2013.html<><>0<>
ch2014<>山行記録（2014年）<>https://anineco.org/ch2014.html<><>0<>
ch2015<>山行記録（2015年）<>https://anineco.org/ch2015.html<><>0<>
ch2016<>山行記録（2016年）<>https://anineco.org/ch2016.html<><>0<>
ch2017<>山行記録（2017年）<>https://anineco.org/ch2017.html<><>0<>
ch2018<>山行記録（2018年）<>https://anineco.org/ch2018.html<><>0<>
ch2019<>山行記録（2019年）<>https://anineco.org/ch2019.html<><>0<>
ch2020<>山行記録（2020年）<>https://anineco.org/ch2020.html<><>0<>
ch2021<>山行記録（2021年）<>https://anineco.org/ch2021.html<><>0<>
ch2022<>山行記録（2022年）<>https://anineco.org/ch2022.html<><>0<>
ch2023<>山行記録（2023年）<>https://anineco.org/ch2023.html<><>0<>
ch2024<>山行記録（2024年）<>https://anineco.org/ch2024.html<><>0<>
japan<>地図から選択<>https://anineco.org/map4x/japan.html<><>0<>
select<>地図から選択（新版）<>https://anineco.org/select.html<><>0<>
map<>地図から選択（DB）<>https://anineco.org/map.html<><>0<>
map0<>全山行記録（DB）<>https://anineco.org/map.php?cat=0<><>0<>
map1<>日本三百名山（DB）<>https://anineco.org/map.php?cat=1<><>0<>
map2<>ぐんま百名山（DB）<>https://anineco.org/map.php?cat=2<><>0<>
map3<>栃木百名山（DB）<>https://anineco.org/map.php?cat=3<><>0<>
map4<>桐生地域百山（DB）<>https://anineco.org/map.php?cat=4<><>0<>
map5<>信州百名山（DB）<>https://anineco.org/map.php?cat=5<><>0<>
map6<>山梨百名山（DB）<>https://anineco.org/map.php?cat=6<><>0<>
map7<>うつくしま百名山（DB）<>https://anineco.org/map.php?cat=7<><>0<>
map8<>埼玉百山（DB）<>https://anineco.org/map.php?cat=8<><>0<>
map9<>足利百名山（DB）<>https://anineco.org/map.php?cat=9<><>0<>
map10<>越後百山（DB）<>https://anineco.org/map.php?cat=10<><>0<>
map11<>群馬300山（DB）<>https://anineco.org/map.php?cat=11<><>0<>
japan300<>日本三百名山<>https://anineco.org/japan300.html<><>0<>
gunma100<>群馬百名山<>https://anineco.org/gunma100.html<><>0<>
tochigi100<>栃木百名山<>https://anineco.org/tochigi100.html<><>0<>
kiryu100<>桐生地域百山<>https://anineco.org/kiryu100.html<><>0<>
routemap<>ルート地図<>https://anineco.org/routemap.html<><>0<>
routemap2<>ルート地図（Ver.2）<>https://anineco.org/routemap.html<><>0<>
routemap3<>ルート地図（Ver.3）<>https://anineco.org/routemap.html<><>0<>
routemap7<>ルート地図（Ver.7）<>https://anineco.org/routemap.html<><>0<>
nandoku<>難読・稀少漢字山名<>https://anineco.org/nandoku.html<><>0<>
hist24<>更新履歴（2024年）<>https://anineco.org/hist24.html<><>0<>
hist23<>更新履歴（2023年）<>https://anineco.org/hist23.html<><>0<>
hist22<>更新履歴（2022年）<>https://anineco.org/hist22.html<><>0<>
hist21<>更新履歴（2021年）<>https://anineco.org/hist21.html<><>0<>
hist20<>更新履歴（2020年）<>https://anineco.org/hist20.html<><>0<>
hist19<>更新履歴（2019年）<>https://anineco.org/hist19.html<><>0<>
hist18<>更新履歴（2018年）<>https://anineco.org/hist18.html<><>0<>
hist17<>更新履歴（2017年）<>https://anineco.org/hist17.html<><>0<>
hist16<>更新履歴（2016年）<>https://anineco.org/hist16.html<><>0<>
hist15<>更新履歴（2015年）<>https://anineco.org/hist15.html<><>0<>
hist14<>更新履歴（2014年）<>https://anineco.org/hist14.html<><>0<>
hist13<>更新履歴（2013年）<>https://anineco.org/hist13.html<><>0<>
hist12<>更新履歴（2012年）<>https://anineco.org/hist12.html<><>0<>
hist11<>更新履歴（2011年）<>https://anineco.org/hist11.html<><>0<>
hist10<>更新履歴（2010年）<>https://anineco.org/hist10.html<><>0<>
hist09<>更新履歴（2009年）<>https://anineco.org/hist09.html<><>0<>
hist08<>更新履歴（2008年）<>https://anineco.org/hist08.html<><>0<>
hist07<>更新履歴（2007年）<>https://anineco.org/hist07.html<><>0<>
hist06<>更新履歴（2006年）<>https://anineco.org/hist06.html<><>0<>
hist05<>更新履歴（2005年）<>https://anineco.org/hist05.html<><>0<>
hist04<>更新履歴（2004年）<>https://anineco.org/hist04.html<><>0<>
cookie<>Cookieについて<>https://anineco.org/cookie.html<><>0<>
help<>ヘルプとクレジット<>https://anineco.org/help.html<><>0<>
ie11<>お知らせ<>https://anineco.org/ie11.html<><>0<>
971011<>松木川〜皇海山<>https://anineco.org/971011.html<><>1<>
980913<>笠ヶ岳（尾瀬）<>https://anineco.org/980913.html<><>1<>
981003<>光明山<>https://anineco.org/981003.html<><>1<>
990101<>高旗山・妙見山<>https://anineco.org/990101.html<><>1<>
990815<>（廃）五竜とおみトレッキングコース<>https://anineco.org/990815.html<><>1<>
990905<>大源太山<>https://anineco.org/990905.html<><>1<>
990925<>二岐山・小白森山<>https://anineco.org/990925.html<><>1<>
991010<>会津朝日岳<>https://anineco.org/991010.html<><>1<>
991017<>稲包山<>https://anineco.org/991017.html<><>1<>
991030<>細尾峠〜古峰原峠<>https://anineco.org/991030.html<><>1<>
991113<>金城山<>https://anineco.org/991113.html<><>1<>
991127<>丸岩岳〜熊鷹山<>https://anineco.org/991127.html<><>1<>
000227<>足利〜仙人ヶ岳〜桐生<>https://anineco.org/000227.html<><>1<>
000320<>仙人ヶ岳〜深高山<>https://anineco.org/000320.html<><>1<>
000617<>沼原池〜茶臼岳（那須）<>https://anineco.org/000617.html<><>1<>
000625<>浅草岳<>https://anineco.org/000625.html<><>1<>
000806<>飯豊山〜大日岳<>https://anineco.org/000806.html<><>1<>
000822<>白馬大池<>https://anineco.org/000822.html<><>1<>
001008<>守門岳<>https://anineco.org/001008.html<><>1<>
001119<>三国山稜<>https://anineco.org/001119.html<><>1<>
001225<>外秩父七峰縦走<>https://anineco.org/001225.html<><>1<>
010714<>白砂山<>https://anineco.org/010714.html<><>1<>
010821<>白神岳<>https://anineco.org/010821.html<><>1<>
010923<>権現岳〜鉾ヶ岳<>https://anineco.org/010923.html<><>1<>
011006<>ニセコ連峰縦走<>https://anineco.org/011006.html<><>1<>
011019<>駒ヶ岳・雨飾山・鋸山<>https://anineco.org/011019.html<><>1<>
020101<>稲含山・小沢岳<>https://anineco.org/020101.html<><>1<>
020526<>飯士山<>https://anineco.org/020526.html<><>1<>
020810<>空木岳<>https://anineco.org/020810.html<><>1<>
020825<>燕岳<>https://anineco.org/020825.html<><>1<>
020830<>剱岳<>https://anineco.org/020830.html<><>1<>
020908<>御座山<>https://anineco.org/020908.html<><>1<>
020915<>大嵐山<>https://anineco.org/020915.html<><>1<>
020921<>八十里越<>https://anineco.org/020921.html<><>1<>
020929<>湯ノ丸山〜烏帽子岳<>https://anineco.org/020929.html<><>1<>
021014<>未丈ヶ岳<>https://anineco.org/021014.html<><>1<>
021019<>守門岳<>https://anineco.org/021019.html<><>1<>
021231<>岩殿山・源次郎岳<>https://anineco.org/021231.html<><>1<>
030111<>男体山<>https://anineco.org/030111.html<><>1<>
030125<>山王帽子山<>https://anineco.org/030125.html<><>1<>
030215<>富山（房総）<>https://anineco.org/030215.html<><>1<>
030309<>黒檜山（赤城）<>https://anineco.org/030309.html<><>1<>
030321<>根子岳<>https://anineco.org/030321.html<><>1<>
030413<>小野子三山<>https://anineco.org/030413.html<><>1<>
030427<>火打山山スキー<>https://anineco.org/030427.html<><>1<>
030504<>三本槍岳<>https://anineco.org/030504.html<><>1<>
030518<>二王子岳<>https://anineco.org/030518.html<><>1<>
030601<>鳴神山<>https://anineco.org/030601.html<><>1<>
030622<>後袈裟丸山<>https://anineco.org/030622.html<><>1<>
030705<>黒姫山<>https://anineco.org/030705.html<><>1<>
030802<>五竜岳<>https://anineco.org/030802.html<><>1<>
030810<>立山<>https://anineco.org/030810.html<><>1<>
030825<>焼岳<>https://anineco.org/030825.html<><>1<>
030904<>岩手山<>https://anineco.org/030904.html<><>1<>
030905<>早池峰山<>https://anineco.org/030905.html<><>1<>
030906<>五葉山<>https://anineco.org/030906.html<><>1<>
030918<>荒川岳〜赤石岳〜聖岳<>https://anineco.org/030918.html<><>1<>
031011<>大将旗山<>https://anineco.org/031011.html<><>1<>
031019<>諏訪山<>https://anineco.org/031019.html<><>1<>
031024<>塩見岳<>https://anineco.org/031024.html<><>1<>
031025<>守屋山<>https://anineco.org/031025.html<><>1<>
031123<>釈迦ヶ岳（高原山）<>https://anineco.org/031123.html<><>1<>
031231<>百村山<>https://anineco.org/031231.html<><>1<>
040125<>荒山〜鍋割山（赤城）<>https://anineco.org/040125.html<><>1<>
040131<>四阿山<>https://anineco.org/040131.html<><>1<>
040307<>黒檜山（赤城）<>https://anineco.org/040307.html<><>1<>
040313<>上州三峰山<>https://anineco.org/040313.html<><>1<>
040321<>平標山<>https://anineco.org/040321.html<><>1<>
040330<>八甲田山山スキー<>https://anineco.org/040330.html<><>1<>
040410<>シダンゴ山<>https://anineco.org/040410.html<><>1<>
040417<>尾出山<>https://anineco.org/040417.html<><>1<>
040424<>物語山<>https://anineco.org/040424.html<><>1<>
040429<>至仏山<>https://anineco.org/040429.html<><>1<>
040501<>火打山山スキー<>https://anineco.org/040501.html<><>1<>
040508<>鶏鳴山<>https://anineco.org/040508.html<><>1<>
040515<>権現堂山〜唐松山<>https://anineco.org/040515.html<><>1<>
040605<>浅間隠山<>https://anineco.org/040605.html<><>1<>
040619<>横根山<>https://anineco.org/040619.html<><>1<>
040703<>旭岳<>https://anineco.org/040703.html<><>1<>
040719<>三滝〜氷室山<>https://anineco.org/040719.html<><>1<>
040731<>牛ヶ峰<>https://anineco.org/040731.html<><>1<>
040811<>仙ノ倉山〜平標山<>https://anineco.org/040811.html<><>1<>
040821<>高妻山<>https://anineco.org/040821.html<><>1<>
040831<>小戸川〜熊鷹山<>https://anineco.org/040831.html<><>1<>
040917<>白峰三山<>https://anineco.org/040917.html<><>1<>
040925<>小野岳<>https://anineco.org/040925.html<><>1<>
041011<>経ヶ岳<>https://anineco.org/041011.html<><>1<>
041016<>和名倉山<>https://anineco.org/041016.html<><>1<>
041031<>三境山〜残馬山<>https://anineco.org/041031.html<><>1<>
041107<>裏妙義縦走<>https://anineco.org/041107.html<><>1<>
041128<>相馬岳（表妙義）<>https://anineco.org/041128.html<><>1<>
041211<>谷急山<>https://anineco.org/041211.html<><>1<>
041219<>立岩〜荒船山<>https://anineco.org/041219.html<><>1<>
041226<>毛無岩<>https://anineco.org/041226.html<><>1<>
041230<>大屋山<>https://anineco.org/041230.html<><>1<>
050104<>赤久縄山<>https://anineco.org/050104.html<><>1<>
050108<>御荷鉾山<>https://anineco.org/050108.html<><>1<>
050122<>高山<>https://anineco.org/050122.html<><>1<>
050206<>茂来山<>https://anineco.org/050206.html<><>1<>
050211<>山王峠<>https://anineco.org/050211.html<><>1<>
050313<>武甲山〜大持山<>https://anineco.org/050313.html<><>1<>
050321<>於呂倶羅山<>https://anineco.org/050321.html<><>1<>
050403<>でんべい山<>https://anineco.org/050403.html<><>1<>
050409<>大佐飛山<>https://anineco.org/050409.html<><>1<>
050417<>外秩父七峰縦走<>https://anineco.org/050417.html<><>1<>
050424<>鳴虫山<>https://anineco.org/050424.html<><>1<>
050429<>平ヶ岳<>https://anineco.org/050429.html<><>1<>
050505<>燧ヶ岳<>https://anineco.org/050505.html<><>1<>
050514<>高倉山<>https://anineco.org/050514.html<><>1<>
050529<>黒檜山（赤城）<>https://anineco.org/050529.html<><>1<>
050605<>鈴ヶ岳（赤城）<>https://anineco.org/050605.html<><>1<>
050609<>十方山<>https://anineco.org/050609.html<><>1<>
050618<>八総佐倉山<>https://anineco.org/050618.html<><>1<>
050619<>田代山<>https://anineco.org/050619.html<><>1<>
050625<>中ノ岳<>https://anineco.org/050625.html<><>1<>
050716<>七面山<>https://anineco.org/050716.html<><>1<>
050724<>本谷山<>https://anineco.org/050724.html<><>1<>
050817<>磐梯山<>https://anineco.org/050817.html<><>1<>
050903<>雲取山<>https://anineco.org/050903.html<><>1<>
050917<>唐松岳<>https://anineco.org/050917.html<><>1<>
050924<>越後白山<>https://anineco.org/050924.html<><>1<>
050926<>本白根山<>https://anineco.org/050926.html<><>1<>
051001<>天保山<>https://anineco.org/051001.html<><>1<>
051009<>志津倉山<>https://anineco.org/051009.html<><>1<>
051010<>飯谷山<>https://anineco.org/051010.html<><>1<>
051023<>矢岳<>https://anineco.org/051023.html<><>1<>
051030<>兜岩山<>https://anineco.org/051030.html<><>1<>
051105<>尾瀬ヶ原<>https://anineco.org/051105.html<><>1<>
051113<>天狗岩〜烏帽子岳<>https://anineco.org/051113.html<><>1<>
051127<>大坊山〜大小山<>https://anineco.org/051127.html<><>1<>
051203<>稲含山〜白髪岩<>https://anineco.org/051203.html<><>1<>
051217<>桧沢岳<>https://anineco.org/051217.html<><>1<>
051225<>御堂山<>https://anineco.org/051225.html<><>1<>
060101<>嵩山<>https://anineco.org/060101.html<><>1<>
060107<>御場山<>https://anineco.org/060107.html<><>1<>
060115<>日暮山<>https://anineco.org/060115.html<><>1<>
060128<>根本山〜白浜山<>https://anineco.org/060128.html<><>1<>
060205<>刈込湖〜切込湖<>https://anineco.org/060205.html<><>1<>
060304<>高薙山<>https://anineco.org/060304.html<><>1<>
060311<>守門大岳<>https://anineco.org/060311.html<><>1<>
060321<>椀名条山〜根本山<>https://anineco.org/060321.html<><>1<>
060409<>大小山<>https://anineco.org/060409.html<><>1<>
060415<>柄杓山城跡〜鳴神山<>https://anineco.org/060415.html<><>1<>
060422<>鳴神山<>https://anineco.org/060422.html<><>1<>
060504<>物見山<>https://anineco.org/060504.html<><>1<>
060505<>仙人ヶ岳<>https://anineco.org/060505.html<><>1<>
060514<>根本山<>https://anineco.org/060514.html<><>1<>
060521<>霧降高原〜大山<>https://anineco.org/060521.html<><>1<>
060527<>奥塩原新湯温泉<>https://anineco.org/060527.html<><>1<>
060603<>籠ノ登山<>https://anineco.org/060603.html<><>1<>
060610<>鹿俣山<>https://anineco.org/060610.html<><>1<>
060620<>角落山<>https://anineco.org/060620.html<><>1<>
060625<>日本平山<>https://anineco.org/060625.html<><>1<>
060708<>西御荷鉾山・オドケ山・赤久縄山<>https://anineco.org/060708.html<><>1<>
060730<>白毛門〜笠ヶ岳<>https://anineco.org/060730.html<><>1<>
060805<>越後駒ヶ岳<>https://anineco.org/060805.html<><>1<>
060816<>鳥甲山<>https://anineco.org/060816.html<><>1<>
060826<>横岳（南八ヶ岳）<>https://anineco.org/060826.html<><>1<>
060902<>黒檜山（赤城）<>https://anineco.org/060902.html<><>1<>
060909<>阿寺山〜五龍岳<>https://anineco.org/060909.html<><>1<>
060916<>秋山郷切明温泉<>https://anineco.org/060916.html<><>1<>
060923<>巻機山<>https://anineco.org/060923.html<><>1<>
061022<>浅間山<>https://anineco.org/061022.html<><>1<>
061028<>大山〜天丸山〜帳付山<>https://anineco.org/061028.html<><>1<>
061105<>大ナゲシ〜赤岩岳<>https://anineco.org/061105.html<><>1<>
061112<>南天山<>https://anineco.org/061112.html<><>1<>
061118<>二子山<>https://anineco.org/061118.html<><>1<>
061125<>六甲山<>https://anineco.org/061125.html<><>1<>
061203<>高岩<>https://anineco.org/061203.html<><>1<>
061210<>破風山・鍬柄岳〜大桁山<>https://anineco.org/061210.html<><>1<>
061216<>八風山<>https://anineco.org/061216.html<><>1<>
061224<>山急山・稲村山<>https://anineco.org/061224.html<><>1<>
070101<>夫神岳・子檀嶺岳<>https://anineco.org/070101.html<><>1<>
070104<>彦間川〜丸岩岳<>https://anineco.org/070104.html<><>1<>
070113<>金精峠<>https://anineco.org/070113.html<><>1<>
070128<>温泉ヶ岳<>https://anineco.org/070128.html<><>1<>
070203<>鴫内山<>https://anineco.org/070203.html<><>1<>
070212<>父不見山<>https://anineco.org/070212.html<><>1<>
070217<>湯殿山<>https://anineco.org/070217.html<><>1<>
070225<>五色山<>https://anineco.org/070225.html<><>1<>
070303<>四郎岳<>https://anineco.org/070303.html<><>1<>
070317<>外山<>https://anineco.org/070317.html<><>1<>
070321<>要害山・大畑山〜荒神山<>https://anineco.org/070321.html<><>1<>
070326<>独鈷山<>https://anineco.org/070326.html<><>1<>
070401<>掃部ヶ岳〜杏が岳<>https://anineco.org/070401.html<><>1<>
070407<>子持山<>https://anineco.org/070407.html<><>1<>
070415<>尾瀬沼〜皿伏山<>https://anineco.org/070415.html<><>1<>
070429<>迦葉山〜尼ヶ禿山<>https://anineco.org/070429.html<><>1<>
070503<>忍山川〜残馬山<>https://anineco.org/070503.html<><>1<>
070504<>鉱石山〜朝倉山<>https://anineco.org/070504.html<><>1<>
070512<>両神山<>https://anineco.org/070512.html<><>1<>
070520<>富士山山スキー<>https://anineco.org/070520.html<><>1<>
070527<>黒檜岳〜社山〜半月山<>https://anineco.org/070527.html<><>1<>
070603<>米山<>https://anineco.org/070603.html<><>1<>
070616<>日光白根山<>https://anineco.org/070616.html<><>1<>
070716<>吾妻山<>https://anineco.org/070716.html<><>1<>
070729<>朴の木山<>https://anineco.org/070729.html<><>1<>
070805<>男体山<>https://anineco.org/070805.html<><>1<>
070812<>白馬岳〜雪倉岳〜朝日岳<>https://anineco.org/070812.html<><>1<>
070819<>長七郎山・地蔵岳（赤城）<>https://anineco.org/070819.html<><>1<>
070826<>燕巣山<>https://anineco.org/070826.html<><>1<>
070909<>羊蹄山<>https://anineco.org/070909.html<><>1<>
070912<>三徳山三佛寺<>https://anineco.org/070912.html<><>1<>
070920<>剣山・石鎚山<>https://anineco.org/070920.html<><>1<>
071006<>鬼怒沼〜黒岩山<>https://anineco.org/071006.html<><>1<>
071013<>鍋割山（赤城）<>https://anineco.org/071013.html<><>1<>
071021<>武尊山<>https://anineco.org/071021.html<><>1<>
071028<>蔵王山<>https://anineco.org/071028.html<><>1<>
071104<>丁須の頭<>https://anineco.org/071104.html<><>1<>
071117<>四ッ又山〜鹿岳<>https://anineco.org/071117.html<><>1<>
071123<>黒滝山〜トヤ山<>https://anineco.org/071123.html<><>1<>
071125<>笠丸山<>https://anineco.org/071125.html<><>1<>
071202<>ガッチン山・黒川無名沢<>https://anineco.org/071202.html<><>1<>
071209<>前仙人ヶ岳<>https://anineco.org/071209.html<><>1<>
071216<>雨降山<>https://anineco.org/071216.html<><>1<>
071224<>ゴシュウ山<>https://anineco.org/071224.html<><>1<>
071231<>古賀良山・吾嬬山・鏡台山<>https://anineco.org/071231.html<><>1<>
080130<>飛駒三山<>https://anineco.org/080130.html<><>1<>
080211<>山王帽子山<>https://anineco.org/080211.html<><>1<>
080224<>八王子丘陵縦走<>https://anineco.org/080224.html<><>1<>
080322<>大栃山・三方分山<>https://anineco.org/080322.html<><>1<>
080329<>吉井三山<>https://anineco.org/080329.html<><>1<>
080404<>御飯岳<>https://anineco.org/080404.html<><>1<>
080412<>西方寺沢〜柄杓山城跡<>https://anineco.org/080412.html<><>1<>
080420<>鳴神山〜十二時山<>https://anineco.org/080420.html<><>1<>
080427<>金沢峠〜吾妻山<>https://anineco.org/080427.html<><>1<>
080428<>高戸山<>https://anineco.org/080428.html<><>1<>
080504<>五剣谷岳<>https://anineco.org/080504.html<><>1<>
080513<>蟻川岳<>https://anineco.org/080513.html<><>1<>
080518<>吾妻耶山〜大峰山<>https://anineco.org/080518.html<><>1<>
080601<>長沢背稜<>https://anineco.org/080601.html<><>1<>
080614<>有明山<>https://anineco.org/080614.html<><>1<>
080628<>太平山〜晃石山〜馬不入山<>https://anineco.org/080628.html<><>1<>
080706<>太郎山（日光）<>https://anineco.org/080706.html<><>1<>
080713<>清津峡<>https://anineco.org/080713.html<><>1<>
080719<>木曽駒ヶ岳<>https://anineco.org/080719.html<><>1<>
080803<>雁坂峠<>https://anineco.org/080803.html<><>1<>
080809<>会津駒ヶ岳<>https://anineco.org/080809.html<><>1<>
080812<>ゆうすげの道（榛名）<>https://anineco.org/080812.html<><>1<>
080826<>多良岳〜経ヶ岳<>https://anineco.org/080826.html<><>1<>
080831<>鹿田山丘陵<>https://anineco.org/080831.html<><>1<>
080907<>鳴神山<>https://anineco.org/080907.html<><>1<>
080915<>武尊田代<>https://anineco.org/080915.html<><>1<>
080927<>阿蘇高岳・根子岳<>https://anineco.org/080927.html<><>1<>
081025<>諏訪山（神流町）<>https://anineco.org/081025.html<><>1<>
081101<>水沢山〜二ツ岳〜相馬山<>https://anineco.org/081101.html<><>1<>
081109<>ぐんま県民ハイク<>https://anineco.org/081109.html<><>1<>
081115<>桜山<>https://anineco.org/081115.html<><>1<>
081122<>日影山〜日向山<>https://anineco.org/081122.html<><>1<>
081130<>白髪岩〜白髪山<>https://anineco.org/081130.html<><>1<>
081207<>富士浅間山<>https://anineco.org/081207.html<><>1<>
081220<>野峰〜丸岩岳<>https://anineco.org/081220.html<><>1<>
090101<>雁田山・井上山<>https://anineco.org/090101.html<><>1<>
090111<>城峯山<>https://anineco.org/090111.html<><>1<>
090201<>氷室山<>https://anineco.org/090201.html<><>1<>
090215<>永野三峰山<>https://anineco.org/090215.html<><>1<>
090321<>尼厳山〜奇妙山<>https://anineco.org/090321.html<><>1<>
090329<>仙人ヶ岳<>https://anineco.org/090329.html<><>1<>
090405<>浅草岳スキーツアー<>https://anineco.org/090405.html<><>1<>
090412<>桑ノ木山<>https://anineco.org/090412.html<><>1<>
090419<>残馬山〜座間峠<>https://anineco.org/090419.html<><>1<>
090429<>奈良部山〜丸岩岳〜熊鷹山<>https://anineco.org/090429.html<><>1<>
090502<>刈羽黒姫山・八石山<>https://anineco.org/090502.html<><>1<>
090509<>丹後山〜大水上山<>https://anineco.org/090509.html<><>1<>
090523<>銚子の伽藍<>https://anineco.org/090523.html<><>1<>
090607<>地蔵岳・見晴山（赤城）<>https://anineco.org/090607.html<><>1<>
090620<>山伏山・天水山〜深坂峠<>https://anineco.org/090620.html<><>1<>
090705<>西御荷鉾山・高岩山・赤久縄山<>https://anineco.org/090705.html<><>1<>
090711<>庚申山<>https://anineco.org/090711.html<><>1<>
090719<>笊ヶ岳<>https://anineco.org/090719.html<><>1<>
090726<>鳴神山<>https://anineco.org/090726.html<><>1<>
090814<>白砂川<>https://anineco.org/090814.html<><>1<>
090821<>九重連山<>https://anineco.org/090821.html<><>1<>
090905<>楢俣川洗ノ沢<>https://anineco.org/090905.html<><>1<>
090913<>笠科川井戸沢〜本流下降<>https://anineco.org/090913.html<><>1<>
090921<>天狗原山〜金山<>https://anineco.org/090921.html<><>1<>
090922<>海谷駒ヶ岳<>https://anineco.org/090922.html<><>1<>
090927<>小戸川〜熊鷹山<>https://anineco.org/090927.html<><>1<>
091004<>戸隠山<>https://anineco.org/091004.html<><>1<>
091010<>胡桃ヶ岳・荒雄岳・禿岳<>https://anineco.org/091010.html<><>1<>
091018<>石尊山〜深高山<>https://anineco.org/091018.html<><>1<>
091025<>三十六童子<>https://anineco.org/091025.html<><>1<>
091108<>鹿岳<>https://anineco.org/091108.html<><>1<>
091121<>碧岩〜大岩<>https://anineco.org/091121.html<><>1<>
091123<>野山稲荷〜釈迦弥観音<>https://anineco.org/091123.html<><>1<>
091129<>梅田忠霊塔〜三峰山<>https://anineco.org/091129.html<><>1<>
091205<>一盃山・蓬田岳<>https://anineco.org/091205.html<><>1<>
091212<>御嶽山（菱町）<>https://anineco.org/091212.html<><>1<>
091220<>三十六童子<>https://anineco.org/091220.html<><>1<>
091226<>御嶽山（宮本町）〜吾妻山<>https://anineco.org/091226.html<><>1<>
091231<>鷲子山・尺丈山・御亭山・八溝山<>https://anineco.org/091231.html<><>1<>
100103<>荒神山<>https://anineco.org/100103.html<><>1<>
100111<>二渡山〜持丸山<>https://anineco.org/100111.html<><>1<>
100124<>愛宕山〜寄日峠<>https://anineco.org/100124.html<><>1<>
100207<>小友沢の頭〜雷電山<>https://anineco.org/100207.html<><>1<>
100227<>雷電山〜唐沢山<>https://anineco.org/100227.html<><>1<>
100313<>中野山〜五覧田城址<>https://anineco.org/100313.html<><>1<>
100410<>戸神山<>https://anineco.org/100410.html<><>1<>
100418<>白尾山<>https://anineco.org/100418.html<><>1<>
100425<>燧石山〜白萩山<>https://anineco.org/100425.html<><>1<>
100502<>景鶴山<>https://anineco.org/100502.html<><>1<>
100509<>白岩山神社<>https://anineco.org/100509.html<><>1<>
100515<>三段の滝（赤城）<>https://anineco.org/100515.html<><>1<>
100522<>下田白根山<>https://anineco.org/100522.html<><>1<>
100529<>櫛形山・甘利山<>https://anineco.org/100529.html<><>1<>
100605<>赤倉山<>https://anineco.org/100605.html<><>1<>
100613<>鋸山<>https://anineco.org/100613.html<><>1<>
100626<>神流川大神楽沢<>https://anineco.org/100626.html<><>1<>
100704<>根本山〜氷室山<>https://anineco.org/100704.html<><>1<>
100710<>角間山〜湯ノ丸山<>https://anineco.org/100710.html<><>1<>
100718<>佐武流山<>https://anineco.org/100718.html<><>1<>
100724<>尾瀬沼<>https://anineco.org/100724.html<><>1<>
100801<>粕川（赤城）<>https://anineco.org/100801.html<><>1<>
100807<>富士山<>https://anineco.org/100807.html<><>1<>
100827<>浅間石尊山<>https://anineco.org/100827.html<><>1<>
100905<>五輪尾根（赤城）<>https://anineco.org/100905.html<><>1<>
100911<>黒斑山<>https://anineco.org/100911.html<><>1<>
100915<>雲仙岳<>https://anineco.org/100915.html<><>1<>
100925<>水無山<>https://anineco.org/100925.html<><>1<>
101002<>八紘嶺<>https://anineco.org/101002.html<><>1<>
101011<>蟻ヶ峰〜大蛇倉山<>https://anineco.org/101011.html<><>1<>
101017<>神戸山〜小中山<>https://anineco.org/101017.html<><>1<>
101031<>大畑山<>https://anineco.org/101031.html<><>1<>
101106<>千貫峠〜高岩<>https://anineco.org/101106.html<><>1<>
101113<>竜ヶ岳<>https://anineco.org/101113.html<><>1<>
101121<>浅間隠山<>https://anineco.org/101121.html<><>1<>
101128<>三滝〜氷室山<>https://anineco.org/101128.html<><>1<>
101205<>大峯〜雨ん坊主〜中垣岩<>https://anineco.org/101205.html<><>1<>
101212<>高戸谷山<>https://anineco.org/101212.html<><>1<>
101218<>熊山<>https://anineco.org/101218.html<><>1<>
101223<>赤萩丸山〜萱野山〜笹久保山<>https://anineco.org/101223.html<><>1<>
101226<>白浜山<>https://anineco.org/101226.html<><>1<>
101231<>巣立山・破風山・岩井堂砦<>https://anineco.org/101231.html<><>1<>
110116<>花台沢の頭〜鳴神山<>https://anineco.org/110116.html<><>1<>
110123<>蚕影山〜高鳥屋山〜十二山<>https://anineco.org/110123.html<><>1<>
110130<>赤地山〜駒見山〜谷山城址<>https://anineco.org/110130.html<><>1<>
110410<>阿能川岳<>https://anineco.org/110410.html<><>1<>
110417<>雨ヶ立山<>https://anineco.org/110417.html<><>1<>
110424<>丸山〜十二時山〜小夜戸山<>https://anineco.org/110424.html<><>1<>
110429<>ススヶ峰<>https://anineco.org/110429.html<><>1<>
110503<>焼峰山<>https://anineco.org/110503.html<><>1<>
110504<>五頭山〜菱ヶ岳<>https://anineco.org/110504.html<><>1<>
110508<>秋葉山〜須花浅間山<>https://anineco.org/110508.html<><>1<>
110514<>家ノ串<>https://anineco.org/110514.html<><>1<>
110605<>明神山<>https://anineco.org/110605.html<><>1<>
110618<>松之山温泉・宝川温泉<>https://anineco.org/110618.html<><>1<>
110807<>吾妻山〜大形山<>https://anineco.org/110807.html<><>1<>
110814<>毛渡沢西俣<>https://anineco.org/110814.html<><>1<>
110829<>甑岳〜白鳥山<>https://anineco.org/110829.html<><>1<>
110830<>開聞岳<>https://anineco.org/110830.html<><>1<>
110831<>大篦柄岳<>https://anineco.org/110831.html<><>1<>
110923<>小川山・金峰山<>https://anineco.org/110923.html<><>1<>
111002<>大山〜宗四郎山<>https://anineco.org/111002.html<><>1<>
111008<>松木川〜三俣山〜錫ヶ岳〜白根山<>https://anineco.org/111008.html<><>1<>
111016<>箱根山<>https://anineco.org/111016.html<><>1<>
111112<>奈良部山〜丸岩岳<>https://anineco.org/111112.html<><>1<>
111113<>古賀志山<>https://anineco.org/111113.html<><>1<>
111120<>鳳来寺山<>https://anineco.org/111120.html<><>1<>
111127<>多高山<>https://anineco.org/111127.html<><>1<>
111204<>高尾山<>https://anineco.org/111204.html<><>1<>
111211<>奈良部山<>https://anineco.org/111211.html<><>1<>
111218<>白平山神社<>https://anineco.org/111218.html<><>1<>
111223<>金剛萱<>https://anineco.org/111223.html<><>1<>
111231<>石尊山・崇台山・神成山<>https://anineco.org/111231.html<><>1<>
120114<>岳ノ山〜大鳥屋山<>https://anineco.org/120114.html<><>1<>
120128<>不動岳〜雷電山<>https://anineco.org/120128.html<><>1<>
120211<>唐沢山〜諏訪岳<>https://anineco.org/120211.html<><>1<>
120219<>三床山<>https://anineco.org/120219.html<><>1<>
120303<>西場富士〜大小山<>https://anineco.org/120303.html<><>1<>
120311<>ほたる山・兄倉山・冨士山<>https://anineco.org/120311.html<><>1<>
120321<>神ノ上山<>https://anineco.org/120321.html<><>1<>
120325<>秋葉山〜ゴシュウ山<>https://anineco.org/120325.html<><>1<>
120401<>物語山<>https://anineco.org/120401.html<><>1<>
120408<>石砂山<>https://anineco.org/120408.html<><>1<>
120415<>高岩神社〜桐ノ城山<>https://anineco.org/120415.html<><>1<>
120421<>明神ヶ岳<>https://anineco.org/120421.html<><>1<>
120428<>上ノ倉山〜大黒山<>https://anineco.org/120428.html<><>1<>
120505<>千軒山〜神丸山〜白石山<>https://anineco.org/120505.html<><>1<>
120513<>稲包山<>https://anineco.org/120513.html<><>1<>
120520<>大明神山・高尾山<>https://anineco.org/120520.html<><>1<>
120527<>白髪山〜白髪岩〜赤久縄山<>https://anineco.org/120527.html<><>1<>
120616<>女夫渕温泉・山王帽子山<>https://anineco.org/120616.html<><>1<>
120624<>五郎山・三国山<>https://anineco.org/120624.html<><>1<>
120630<>中倉山〜沢入山〜オロ山<>https://anineco.org/120630.html<><>1<>
120716<>赤岳（八ヶ岳）<>https://anineco.org/120716.html<><>1<>
120804<>木曽御嶽山<>https://anineco.org/120804.html<><>1<>
120819<>根本山〜氷室山〜熊鷹山<>https://anineco.org/120819.html<><>1<>
120825<>清津川<>https://anineco.org/120825.html<><>1<>
120901<>御坂黒岳<>https://anineco.org/120901.html<><>1<>
120903<>明神山〜山伏峠〜石割山<>https://anineco.org/120903.html<><>1<>
120907<>高峯山・水ノ塔山〜篭ノ登山・桟敷山<>https://anineco.org/120907.html<><>1<>
120915<>魚野川<>https://anineco.org/120915.html<><>1<>
121008<>剣ヶ峰（浅間連峰）<>https://anineco.org/121008.html<><>1<>
121013<>白泰山〜十文字峠<>https://anineco.org/121013.html<><>1<>
121021<>小中山〜神戸山<>https://anineco.org/121021.html<><>1<>
121027<>田沢奥山〜中野山〜五覧田城址<>https://anineco.org/121027.html<><>1<>
121103<>竜ヶ岳（御坂山地）<>https://anineco.org/121103.html<><>1<>
121104<>毛無山〜十二ヶ岳〜節刀ヶ岳〜鬼ヶ岳<>https://anineco.org/121104.html<><>1<>
121110<>鐘原ヶ岳〜天狗山〜天目山〜三ッ峰山<>https://anineco.org/121110.html<><>1<>
121118<>中沢山<>https://anineco.org/121118.html<><>1<>
121125<>三境山・田黒山<>https://anineco.org/121125.html<><>1<>
121202<>天狗山・東山<>https://anineco.org/121202.html<><>1<>
121208<>宝満山<>https://anineco.org/121208.html<><>1<>
121216<>石尊山（足利）<>https://anineco.org/121216.html<><>1<>
121223<>大萱山〜石倉山<>https://anineco.org/121223.html<><>1<>
121231<>伊豆大島・三原山<>https://anineco.org/121231.html<><>1<>
130106<>三峰山・奥沢峠<>https://anineco.org/130106.html<><>1<>
130112<>梵天山〜623m三角点峰<>https://anineco.org/130112.html<><>1<>
130113<>剣の峰<>https://anineco.org/130113.html<><>1<>
130127<>黒檜山〜駒ヶ岳（赤城）<>https://anineco.org/130127.html<><>1<>
130203<>茶ノ木畑山（赤城）<>https://anineco.org/130203.html<><>1<>
130217<>浅間山（上神梅）<>https://anineco.org/130217.html<><>1<>
130224<>駒形山・愛宕山・琴平山・石尊山<>https://anineco.org/130224.html<><>1<>
130302<>天狗山〜熊倉山<>https://anineco.org/130302.html<><>1<>
130309<>黒檜山〜小黒檜山（赤城）<>https://anineco.org/130309.html<><>1<>
130320<>居鞍岳・烏帽子ヶ岳<>https://anineco.org/130320.html<><>1<>
130323<>大行山<>https://anineco.org/130323.html<><>1<>
130331<>琴平山〜城山<>https://anineco.org/130331.html<><>1<>
130421<>外秩父七峰縦走<>https://anineco.org/130421.html<><>1<>
130428<>鍋岩山神〜野峰<>https://anineco.org/130428.html<><>1<>
130429<>経塚山稜〜荒神山丘陵<>https://anineco.org/130429.html<><>1<>
130504<>泉ヶ岳<>https://anineco.org/130504.html<><>1<>
130505<>船形山<>https://anineco.org/130505.html<><>1<>
130512<>高社山<>https://anineco.org/130512.html<><>1<>
130518<>二子山（足尾）<>https://anineco.org/130518.html<><>1<>
130525<>太白山・大倉山・二口峡谷<>https://anineco.org/130525.html<><>1<>
130601<>塔の峰〜庚申山<>https://anineco.org/130601.html<><>1<>
130608<>針ノ木岳〜蓮華岳<>https://anineco.org/130608.html<><>1<>
130623<>唐沢尾根〜仙ヶ沢〜白葉峠<>https://anineco.org/130623.html<><>1<>
130629<>俎倉山<>https://anineco.org/130629.html<><>1<>
130630<>蒜場山<>https://anineco.org/130630.html<><>1<>
130706<>餅ヶ瀬川<>https://anineco.org/130706.html<><>1<>
130714<>相馬山<>https://anineco.org/130714.html<><>1<>
130721<>万太郎山<>https://anineco.org/130721.html<><>1<>
130804<>餅ヶ瀬川リュウゴヤ沢<>https://anineco.org/130804.html<><>1<>
130831<>女神岳<>https://anineco.org/130831.html<><>1<>
130921<>愛宕山（京都）<>https://anineco.org/130921.html<><>1<>
130927<>美ヶ原<>https://anineco.org/130927.html<><>1<>
130929<>川手山<>https://anineco.org/130929.html<><>1<>
131013<>高松岳・山伏岳<>https://anineco.org/131013.html<><>1<>
131019<>神流川金山沢<>https://anineco.org/131019.html<><>1<>
131027<>天狗山〜男山<>https://anineco.org/131027.html<><>1<>
131109<>赤岩尾根<>https://anineco.org/131109.html<><>1<>
131124<>大山（丹沢）<>https://anineco.org/131124.html<><>1<>
131201<>二股山<>https://anineco.org/131201.html<><>1<>
131208<>千ヶ平〜毛無岩<>https://anineco.org/131208.html<><>1<>
131215<>御嶽山〜桂山〜雷電山・鳶山<>https://anineco.org/131215.html<><>1<>
140101<>半田山・羽山・日影山<>https://anineco.org/140101.html<><>1<>
140105<>おかぼ平〜陣近平<>https://anineco.org/140105.html<><>1<>
140112<>穴切山〜三角山<>https://anineco.org/140112.html<><>1<>
140201<>鐘撞山〜音羽山<>https://anineco.org/140201.html<><>1<>
140222<>鍋割山（赤城）<>https://anineco.org/140222.html<><>1<>
140316<>浅間隠山<>https://anineco.org/140316.html<><>1<>
140323<>鹿俣山〜獅子ヶ鼻山<>https://anineco.org/140323.html<><>1<>
140405<>396m三角点峰<>https://anineco.org/140405.html<><>1<>
140406<>八王子山〜高倉山<>https://anineco.org/140406.html<><>1<>
140419<>東谷山〜日白山<>https://anineco.org/140419.html<><>1<>
140426<>ネコブ山〜下津川山<>https://anineco.org/140426.html<><>1<>
140504<>雨乞岳<>https://anineco.org/140504.html<><>1<>
140506<>十二山〜高鳥屋山<>https://anineco.org/140506.html<><>1<>
140511<>塔ノ岳<>https://anineco.org/140511.html<><>1<>
140614<>金時山<>https://anineco.org/140614.html<><>1<>
140706<>荒船山<>https://anineco.org/140706.html<><>1<>
140721<>八海山<>https://anineco.org/140721.html<><>1<>
140813<>苗場山<>https://anineco.org/140813.html<><>1<>
140817<>妙法ヶ岳<>https://anineco.org/140817.html<><>1<>
140819<>渋温泉・志賀山<>https://anineco.org/140819.html<><>1<>
140901<>能郷白山<>https://anineco.org/140901.html<><>1<>
140913<>十勝岳<>https://anineco.org/140913.html<><>1<>
140914<>富良野岳<>https://anineco.org/140914.html<><>1<>
140915<>ピンネシリ<>https://anineco.org/140915.html<><>1<>
140920<>虫倉山<>https://anineco.org/140920.html<><>1<>
140927<>黒髪山・天山<>https://anineco.org/140927.html<><>1<>
141103<>荒山〜鍋割山<>https://anineco.org/141103.html<><>1<>
141116<>高反山<>https://anineco.org/141116.html<><>1<>
141122<>ブドー沢ノ頭〜滝谷山<>https://anineco.org/141122.html<><>1<>
141130<>小沢岳<>https://anineco.org/141130.html<><>1<>
141207<>品塩山<>https://anineco.org/141207.html<><>1<>
141214<>羽賀場山〜天気山<>https://anineco.org/141214.html<><>1<>
141221<>笹目倉山〜鶏鳴山<>https://anineco.org/141221.html<><>1<>
141227<>鳴蟲山〜大高畑山〜大鳥屋山<>https://anineco.org/141227.html<><>1<>
141231<>滝富士・湯ノ岳・明神山<>https://anineco.org/141231.html<><>1<>
150111<>谷倉山（栃木市）<>https://anineco.org/150111.html<><>1<>
150125<>谷倉山（鹿沼市）<>https://anineco.org/150125.html<><>1<>
150201<>篠井富屋連峰<>https://anineco.org/150201.html<><>1<>
150214<>三峰山（鹿沼市）<>https://anineco.org/150214.html<><>1<>
150215<>男抱山〜半蔵山〜羽黒山<>https://anineco.org/150215.html<><>1<>
150228<>根子岳<>https://anineco.org/150228.html<><>1<>
150315<>四阿山<>https://anineco.org/150315.html<><>1<>
150321<>金冠山・猫越岳・烏帽子山<>https://anineco.org/150321.html<><>1<>
150412<>名草巨石群〜行道山浄因寺〜織姫神社<>https://anineco.org/150412.html<><>1<>
150419<>城山〜ハナント山<>https://anineco.org/150419.html<><>1<>
150426<>白尾山<>https://anineco.org/150426.html<><>1<>
150429<>鞍掛山<>https://anineco.org/150429.html<><>1<>
150502<>鷲ヶ巣山<>https://anineco.org/150502.html<><>1<>
150503<>光兎山<>https://anineco.org/150503.html<><>1<>
150506<>駒戸山<>https://anineco.org/150506.html<><>1<>
150510<>巣神山〜小法師岳<>https://anineco.org/150510.html<><>1<>
150517<>大平山（松木山）〜社山<>https://anineco.org/150517.html<><>1<>
150523<>1257m三角点峰<>https://anineco.org/150523.html<><>1<>
150531<>後袈裟丸山<>https://anineco.org/150531.html<><>1<>
150607<>大源太山〜七ッ小屋山<>https://anineco.org/150607.html<><>1<>
150613<>鉢伏山〜二ツ山〜三峰山<>https://anineco.org/150613.html<><>1<>
150705<>吾妻山〜鳴神山<>https://anineco.org/150705.html<><>1<>
150711<>谷川岳<>https://anineco.org/150711.html<><>1<>
150719<>燧ヶ岳<>https://anineco.org/150719.html<><>1<>
150808<>茶臼岳〜聖岳〜赤石岳〜荒川岳〜三伏峠<>https://anineco.org/150808.html<><>1<>
150907<>虚空蔵山<>https://anineco.org/150907.html<><>1<>
150912<>伊吹山<>https://anineco.org/150912.html<><>1<>
150913<>霊仙山<>https://anineco.org/150913.html<><>1<>
150919<>名号峰・西吾妻山<>https://anineco.org/150919.html<><>1<>
151003<>太郎山〜虚空蔵山<>https://anineco.org/151003.html<><>1<>
151012<>笹塒山<>https://anineco.org/151012.html<><>1<>
151018<>大峰〜秋葉山<>https://anineco.org/151018.html<><>1<>
151031<>岩櫃山<>https://anineco.org/151031.html<><>1<>
151103<>太田金山<>https://anineco.org/151103.html<><>1<>
151113<>比叡山<>https://anineco.org/151113.html<><>1<>
151121<>鼻曲山〜留夫山<>https://anineco.org/151121.html<><>1<>
151128<>二子山〜武川岳〜伊豆ヶ岳<>https://anineco.org/151128.html<><>1<>
151205<>ウノタワ〜有間山〜蕨山<>https://anineco.org/151205.html<><>1<>
151212<>蕎麦粒山<>https://anineco.org/151212.html<><>1<>
151220<>大平山〜七跳山<>https://anineco.org/151220.html<><>1<>
151230<>信夫山<>https://anineco.org/151230.html<><>1<>
151231<>女神山・千貫森<>https://anineco.org/151231.html<><>1<>
160101<>鹿狼山<>https://anineco.org/160101.html<><>1<>
160102<>深山<>https://anineco.org/160102.html<><>1<>
160103<>阿津賀志山<>https://anineco.org/160103.html<><>1<>
160207<>幡矢ヶ岳<>https://anineco.org/160207.html<><>1<>
160228<>大芝山〜荒神山<>https://anineco.org/160228.html<><>1<>
160306<>天狗山〜大芝山<>https://anineco.org/160306.html<><>1<>
160319<>土岳・竪破山<>https://anineco.org/160319.html<><>1<>
160410<>蚕影山〜荒神山<>https://anineco.org/160410.html<><>1<>
160416<>王城山〜高間山<>https://anineco.org/160416.html<><>1<>
160423<>自在山（岩井堂山）〜大林山〜摺鉢山<>https://anineco.org/160423.html<><>1<>
160430<>愛宕山〜難台山〜吾国山<>https://anineco.org/160430.html<><>1<>
160505<>鳴神山〜吾妻山<>https://anineco.org/160505.html<><>1<>
160508<>金松寺山〜天狗岩<>https://anineco.org/160508.html<><>1<>
160514<>長見山〜天狗風切地蔵<>https://anineco.org/160514.html<><>1<>
160521<>霧降高原・月山<>https://anineco.org/160521.html<><>1<>
160604<>加波山〜雨引山<>https://anineco.org/160604.html<><>1<>
160611<>唐沢山〜三倉山〜大倉山<>https://anineco.org/160611.html<><>1<>
160618<>根本山<>https://anineco.org/160618.html<><>1<>
160625<>野峰<>https://anineco.org/160625.html<><>1<>
160703<>岩山（鹿沼）<>https://anineco.org/160703.html<><>1<>
160710<>黒斑山〜蛇骨岳<>https://anineco.org/160710.html<><>1<>
160724<>鍋割山〜荒山〜前浅間山<>https://anineco.org/160724.html<><>1<>
160731<>地蔵岳・鈴ヶ岳<>https://anineco.org/160731.html<><>1<>
160812<>塩見岳〜間ノ岳〜北岳<>https://anineco.org/160812.html<><>1<>
160903<>本宮山<>https://anineco.org/160903.html<><>1<>
160925<>飯士山<>https://anineco.org/160925.html<><>1<>
161002<>硯石山〜六道の辻〜姥子峠<>https://anineco.org/161002.html<><>1<>
161010<>船ヶ鼻〜野坂峠<>https://anineco.org/161010.html<><>1<>
161015<>和久土也山<>https://anineco.org/161015.html<><>1<>
161022<>矢筈山〜子双山〜鍬柄峠<>https://anineco.org/161022.html<><>1<>
161029<>伊賀峰山〜長倉山<>https://anineco.org/161029.html<><>1<>
161111<>足立山<>https://anineco.org/161111.html<><>1<>
161120<>丸山〜木津山<>https://anineco.org/161120.html<><>1<>
161126<>雷電山〜栗生山<>https://anineco.org/161126.html<><>1<>
161203<>雷電山〜両崖山〜天狗山<>https://anineco.org/161203.html<><>1<>
161211<>千躰庚申山〜石尊山〜大久保山<>https://anineco.org/161211.html<><>1<>
161218<>三床山〜閑馬岩峰群〜近沢峠<>https://anineco.org/161218.html<><>1<>
161224<>有戸山〜唐沢山〜大鳥屋山〜愛宕山<>https://anineco.org/161224.html<><>1<>
161230<>東谷山・金華山・御在所岳・菰野富士<>https://anineco.org/161230.html<><>1<>
170122<>戸叶山〜不動岳<>https://anineco.org/170122.html<><>1<>
170128<>アド山<>https://anineco.org/170128.html<><>1<>
170204<>嘉多山公園〜宇津野洞窟〜長坂山<>https://anineco.org/170204.html<><>1<>
170211<>琴平山（栃木市）<>https://anineco.org/170211.html<><>1<>
170318<>高宕山<>https://anineco.org/170318.html<><>1<>
170319<>清澄山・烏場山<>https://anineco.org/170319.html<><>1<>
170320<>鋸山<>https://anineco.org/170320.html<><>1<>
170325<>三毳山<>https://anineco.org/170325.html<><>1<>
170402<>筑波山<>https://anineco.org/170402.html<><>1<>
170409<>小俣城山〜ヤシオ山〜御嶽山<>https://anineco.org/170409.html<><>1<>
170416<>石尊山〜深高山〜仙人ヶ岳<>https://anineco.org/170416.html<><>1<>
170423<>大津〜三ッ岩岳<>https://anineco.org/170423.html<><>1<>
170430<>烏帽子岳〜シラケ山〜天狗岩<>https://anineco.org/170430.html<><>1<>
170503<>ククリ岩〜二子岩〜大岩<>https://anineco.org/170503.html<><>1<>
170507<>余地峠〜広古屋山〜大上峠〜のこぎり岩<>https://anineco.org/170507.html<><>1<>
170520<>三ツドッケ<>https://anineco.org/170520.html<><>1<>
170527<>兜岩山<>https://anineco.org/170527.html<><>1<>
170603<>鍋冠山〜大滝山<>https://anineco.org/170603.html<><>1<>
170610<>飯能アルプス<>https://anineco.org/170610.html<><>1<>
170624<>茶の木平〜薬師岳〜三ノ宿山<>https://anineco.org/170624.html<><>1<>
170708<>エビ山〜八間山<>https://anineco.org/170708.html<><>1<>
170817<>霧ヶ峰<>https://anineco.org/170817.html<><>1<>
170902<>大矢岳〜冠ヶ岳〜俵山<>https://anineco.org/170902.html<><>1<>
170909<>茂倉岳〜武能岳<>https://anineco.org/170909.html<><>1<>
170922<>医王山<>https://anineco.org/170922.html<><>1<>
170923<>大日山<>https://anineco.org/170923.html<><>1<>
170924<>鞍掛山・富士写ヶ岳<>https://anineco.org/170924.html<><>1<>
171001<>一ノ倉岳～谷川岳<>https://anineco.org/171001.html<><>1<>
171009<>唐沢山〜三国山<>https://anineco.org/171009.html<><>1<>
171112<>1138m三角点峰〜高ジョッキ〜丸岩<>https://anineco.org/171112.html<><>1<>
171119<>仏頂山〜高峯<>https://anineco.org/171119.html<><>1<>
171124<>菅峰<>https://anineco.org/171124.html<><>1<>
171202<>高谷山〜谷倉山<>https://anineco.org/171202.html<><>1<>
171209<>発光山〜横根山<>https://anineco.org/171209.html<><>1<>
171230<>布引観音・皆神山・斎場山<>https://anineco.org/171230.html<><>1<>
180113<>千部ヶ岳〜剣ヶ峰<>https://anineco.org/180113.html<><>1<>
180121<>大倉山〜谷倉山<>https://anineco.org/180121.html<><>1<>
180212<>火戸尻山〜鳴虫山<>https://anineco.org/180212.html<><>1<>
180218<>仙人ヶ岳〜赤雪山<>https://anineco.org/180218.html<><>1<>
180304<>雨巻山<>https://anineco.org/180304.html<><>1<>
180311<>有明山〜五里ヶ峯<>https://anineco.org/180311.html<><>1<>
180330<>久能山東照宮・富幕山・大草山<>https://anineco.org/180330.html<><>1<>
180408<>八岡山〜両ノ手山〜六郎地山<>https://anineco.org/180408.html<><>1<>
180415<>吾妻山〜鳴神山<>https://anineco.org/180415.html<><>1<>
180421<>聖山・𣘹原山・四阿屋山<>https://anineco.org/180421.html<><>1<>
180422<>冠着山・岩殿山<>https://anineco.org/180422.html<><>1<>
180429<>飯盛山〜横尾山<>https://anineco.org/180429.html<><>1<>
180505<>日向山〜鞍掛山〜大岩山<>https://anineco.org/180505.html<><>1<>
180512<>石裂山〜大滝山〜白鬚山<>https://anineco.org/180512.html<><>1<>
180520<>粕尾山〜横根山〜古峰原<>https://anineco.org/180520.html<><>1<>
180527<>甲武信ヶ岳〜十文字峠<>https://anineco.org/180527.html<><>1<>
180603<>権現岳（八ヶ岳）<>https://anineco.org/180603.html<><>1<>
180609<>雨乞山<>https://anineco.org/180609.html<><>1<>
180624<>殿城山〜烏帽子岳<>https://anineco.org/180624.html<><>1<>
180701<>蓼科山〜双子山〜大岳〜北横岳<>httpS://anineco.org/180701.html<><>1<>
180716<>八柱山〜雨池山〜北横岳〜縞枯山〜茶臼山<>https://anineco.org/180716.html<><>1<>
180804<>ニュウ〜稲子岳〜天狗岳〜高見石<>https://anineco.org/180804.html<><>1<>
180812<>塩原温泉<>https://anineco.org/180812.html<><>1<>
180818<>東天狗〜根石岳<>https://anineco.org/180818.html<><>1<>
180826<>阿弥陀岳<>https://anineco.org/180826.html<><>1<>
180909<>富士山〜丸山〜吾妻山<>https://anineco.org/180909.html<><>1<>
180914<>大和葛城山・金剛山<>https://anineco.org/180914.html<><>1<>
180916<>山上ヶ岳<>https://anineco.org/180916.html<><>1<>
180917<>竜門岳<>https://anineco.org/180917.html<><>1<>
180924<>鳴神山<>https://anineco.org/180924.html<><>1<>
181007<>庚申山〜鋸山<>https://anineco.org/181007.html<><>1<>
181021<>前袈裟丸山<>https://anineco.org/181021.html<><>1<>
181103<>方丈山<>https://anineco.org/181103.html<><>1<>
181111<>焼森山〜鶏足山〜花香月山〜八瓶山<>https://anineco.org/181111.html<><>1<>
181118<>藤原岳<>https://anineco.org/181118.html<><>1<>
181125<>鋸山〜高畠山〜泉山<>https://anineco.org/181125.html<><>1<>
181202<>保戸野山〜大須山<>https://anineco.org/181202.html<><>1<>
181209<>大楊山〜万寿ヶ峰<>https://anineco.org/181209.html<><>1<>
181216<>長瀞北アルプス<>https://anineco.org/181216.html<><>1<>
181231<>石森山・絹谷富士・鬼ヶ城山・閼伽井嶽・水石山<>https://anineco.org/181231.html<><>1<>
190113<>宝登山・金ヶ嶽〜大平山（小林山）・鐘撞堂山<>https://anineco.org/190113.html<><>1<>
190224<>皆野アルプス<>https://anineco.org/190224.html<><>1<>
190329<>羅漢寺山・兜山・棚横手山<>https://anineco.org/190329.html<><>1<>
190406<>編笠山〜西岳<>https://anineco.org/190406.html<><>1<>
190413<>仙人ヶ岳<>https://anineco.org/190413.html<><>1<>
190421<>外秩父七峰縦走<>https://anineco.org/190421.html<><>1<>
190428<>備前楯山<>https://anineco.org/190428.html<><>1<>
190502<>根本山<>https://anineco.org/190502.html<><>1<>
190504<>矢岳〜酉谷山〜熊倉山<>https://anineco.org/190504.html<><>1<>
190512<>川苔山〜本仁田山<>https://anineco.org/190512.html<><>1<>
190804<>峰の松目～硫黄岳<>https://anineco.org/190804.html<><>1<>
190811<>妙高山<>https://anineco.org/190811.html<><>1<>
190831<>塔ノ岳<>https://anineco.org/190831.html<><>1<>
190913<>三倉岳<>https://anineco.org/190913.html<><>1<>
190914<>比婆山〜吾妻山<>https://anineco.org/190914.html<><>1<>
190915<>道後山・猫山<>https://anineco.org/190915.html<><>1<>
190916<>福田頭・葦嶽山<>https://anineco.org/190916.html<><>1<>
190922<>陣場平山・茶臼山<>https://anineco.org/190922.html<><>1<>
191020<>黒檜山（赤城）<>https://anineco.org/191020.html<><>1<>
191102<>石尊山〜高田山〜大戸谷山〜高野山<>https://anineco.org/191102.html<><>1<>
191104<>相馬山<>https://anineco.org/191104.html<><>1<>
191110<>松岩山・世立八滝<>https://anineco.org/191110.html<><>1<>
191116<>不納山〜水晶山<>https://anineco.org/191116.html<><>1<>
191123<>魚沼アルプス<>https://anineco.org/191123.html<><>1<>
191130<>有笠山〜家ノ鞍山〜西入<>https://anineco.org/191130.html<><>1<>
191208<>今倉山〜赤岩〜二十六夜山<>https://anineco.org/191208.html<><>1<>
191215<>吾嬬山〜薬師岳〜四阿山<>https://anineco.org/191215.html<><>1<>
191231<>芳賀富士・松倉山・高館山・鎌倉山・萬蔵山<>https://anineco.org/191231.html<><>1<>
200119<>次石山〜小倉城山<>https://anineco.org/200119.html<><>1<>
200209<>赤岩山〜古賀志山〜鳥屋山<>https://anineco.org/200209.html<><>1<>
200229<>寺久保山〜山王山〜鳩の峰<>https://anineco.org/200229.html<><>1<>
200322<>（点名）日向倉<>https://anineco.org/200322.html<><>1<>
200404<>仙人ヶ岳<>https://anineco.org/200404.html<><>1<>
200411<>湯殿山〜野山〜大岩山〜天狗山<>https://anineco.org/200411.html<><>1<>
200419<>湯ノ沢山〜弁天山<>https://anineco.org/200419.html<><>1<>
200712<>観音山〜前仙人ヶ岳<>https://anineco.org/200712.html<><>1<>
200719<>前仙人ヶ岳<>https://anineco.org/200719.html<><>1<>
200802<>前仙人ヶ岳〜仙人ヶ岳<>https://anineco.org/200802.html<><>1<>
200829<>四阿山<>https://anineco.org/200829.html<><>1<>
200922<>新三郎〜四方原山<>https://anineco.org/200922.html<><>1<>
201025<>中袈裟丸山〜奥袈裟丸山<>https://anineco.org/201025.html<><>1<>
201101<>荒船山<>https://anineco.org/201101.html<><>1<>
201108<>船坂山<>https://anineco.org/201108.html<><>1<>
201115<>マムシ岳<>https://anineco.org/201115.html<><>1<>
201122<>カイト山<>https://anineco.org/201122.html<><>1<>
201206<>（点名）姫篠<>https://anineco.org/201206.html<><>1<>
201213<>想台山<>https://anineco.org/201213.html<><>1<>
201226<>田島川左岸尾根<>https://anineco.org/201226.html<><>1<>
210110<>羽黒山〜行道山〜馬打山<>https://anineco.org/210110.html<><>1<>
210130<>595m三角点峰〜鎌取山〜子王山〜高山御嶽山<>https://anineco.org/210130.html<><>1<>
210207<>小梨山〜亀穴峠<>https://anineco.org/210207.html<><>1<>
210314<>樺崎八幡山〜奥山〜寺山<>https://anineco.org/210314.html<><>1<>
210327<>小俣城山〜ヤシオ山〜御嶽山〜高萩山<>https://anineco.org/210327.html<><>1<>
210403<>塚山〜太田部峠<>https://anineco.org/210403.html<><>1<>
210410<>白葉峠〜仙人ヶ岳<>https://anineco.org/210410.html<><>1<>
210418<>入馬山〜源五郎山〜大猿山〜白髪岩<>https://anineco.org/210418.html<><>1<>
210501<>七沢森林公園・白山<>https://anineco.org/210501.html<><>1<>
210503<>経ヶ岳〜仏果山<>https://anineco.org/210503.html<><>1<>
210509<>稲含山〜黒内山<>https://anineco.org/210509.html<><>1<>
210515<>鳴神山〜吾妻山<>https://anineco.org/210515.html<><>1<>
210529<>和熊岳（ゴトミキ山）〜1743m三角点峰<>https://anineco.org/210529.html<><>1<>
210606<>金城山<>https://anineco.org/210606.html<><>1<>
210620<>大崩山・岩山<>https://anineco.org/210620.html<><>1<>
210703<>小倉山観音院〜吾妻山<>https://anineco.org/210703.html<><>1<>
210717<>水ノ塔山〜東篭ノ登山〜三方ヶ峰<>https://anineco.org/210717.html<><>1<>
210722<>谷川岳<>https://anineco.org/210722.html<><>1<>
210801<>赤薙山〜女峰山<>https://anineco.org/210801.html<><>1<>
210810<>黒檜山（赤城）<>https://anineco.org/210810.html<><>1<>
210816<>茶臼山（桐生）<>https://anineco.org/210816.html<><>1<>
210821<>唐沢山〜高壺山<>https://anineco.org/210821.html<><>1<>
210828<>白毛門〜笠ヶ岳〜朝日岳<>https://anineco.org/210828.html<><>1<>
210905<>雷電山〜高壺山〜天王山<>https://anineco.org/210905.html<><>1<>
210919<>毛無山・黒岩山・笠ヶ岳<>https://anineco.org/210919.html<><>1<>
210923<>前袈裟丸山<>https://anineco.org/210923.html<><>1<>
211003<>毛無山〜三角山〜大源太山〜平標山〜松手山<>https://anineco.org/211003.html<><>1<>
211030<>鳥屋ヶ峰・金毘羅山<>https://anineco.org/211030.html<><>1<>
211120<>御岳山（兄倉山）〜大山〜鎌抜山<>https://anineco.org/211120.html<><>1<>
211205<>飯山・入沢の滝<>https://anineco.org/211205.html<><>1<>
211226<>大坊山〜大小山〜玄藩山<>https://anineco.org/211226.html<><>1<>
211231<>堂ヶ島温泉・伊豆半島<>https://anineco.org/211231.html<><>1<>
220205<>宝篋山<>https://anineco.org/220205.html<><>1<>
220212<>大月雷電山〜天道山〜あわぎ山〜福徳山<>https://anineco.org/220212.html<><>1<>
220223<>八王子丘陵縦走<>https://anineco.org/220223.html<><>1<>
220306<>高尾山〜二十丁山〜彦谷湯殿山<>https://anineco.org/220306.html<><>1<>
220320<>行道山〜両崖山<>https://anineco.org/220320.html<><>1<>
220327<>ヤシオ山〜仙人ヶ岳〜深高山〜石尊山<>https://anineco.org/220327.html<><>1<>
220407<>三葉つつじ山<>https://anineco.org/220407.html<><>1<>
220410<>神山〜城峯山〜風早峠<>https://anineco.org/220410.html<><>1<>
220423<>堂所山〜栗原山〜南小太郎山<>https://anineco.org/220423.html<><>1<>
220430<>根本山〜熊鷹山<>https://anineco.org/220430.html<><>1<>
220503<>立処山〜小丸〜蓬萊山〜諏訪山<>https://anineco.org/220503.html<><>1<>
220505<>長七郎山<>https://anineco.org/220505.html<><>1<>
220515<>独鈷山<>https://anineco.org/220515.html<><>1<>
220528<>大峰山〜大道山（堂叡山）〜鳩ヶ峰<>https://anineco.org/220528.html<><>1<>
220604<>見晴山〜地蔵岳〜朝香嶺〜長七郎山〜小地蔵岳<>https://anineco.org/220604.html<><>1<>
220718<>後袈裟丸山<>https://anineco.org/220718.html<><>1<>
220731<>駒ヶ岳（赤城）<>https://anineco.org/220731.html<><>1<>
220811<>武尊山<>https://anineco.org/220811.html<><>1<>
220816<>大真名子山〜小真名子山<>https://anineco.org/220816.html<><>1<>
220904<>日和田山〜越上山〜大高取山<>https://anineco.org/220904.html<><>1<>
220911<>清水峠〜七ッ小屋山<>https://anineco.org/220911.html<><>1<>
220917<>大丸山<>https://anineco.org/220917.html<><>1<>
220925<>八海山<>https://anineco.org/220925.html<><>1<>
221002<>守門岳<>https://anineco.org/221002.html<><>1<>
221008<>アヤメ平<>https://anineco.org/221008.html<><>1<>
221015<>八子ヶ峰<>https://anineco.org/221015.html<><>1<>
221022<>瑞牆山<>https://anineco.org/221022.html<><>1<>
221029<>茅ヶ岳〜金ヶ岳<>https://anineco.org/221029.html<><>1<>
221103<>丹沢山〜塔ノ岳<>https://anineco.org/221103.html<><>1<>
221104<>中川温泉・大野山<>https://anineco.org/221104.html<><>1<>
221204<>櫃石〜荒山<>https://anineco.org/221204.html<><>1<>
221211<>鶉山〜鍋割山<>https://anineco.org/221211.html<><>1<>
221230<>岳の湯温泉・別所温泉<>https://anineco.org/221230.html<><>1<>
230109<>三日月山〜鳩の峰〜越床峠<>https://anineco.org/230109.html<><>1<>
230119<>本覚山〜名草山<>https://anineco.org/230119.html<><>1<>
230121<>堂山・大七山<>https://anineco.org/230121.html<><>1<>
230129<>わたごさま〜椿山〜松田天神山<>https://anineco.org/230129.html<><>1<>
230211<>東山〜稲荷山・要害山<>https://anineco.org/230211.html<><>1<>
230218<>473m標高点峰〜込縄山〜秋葉山<>https://anineco.org/230218.html<><>1<>
230226<>438m標高点峰〜弁天山〜達磨杉峠<>https://anineco.org/230226.html<><>1<>
230305<>大坂峠〜山王山〜大坂山<>https://anineco.org/230305.html<><>1<>
230311<>稲荷山・松田富士<>https://anineco.org/230311.html<><>1<>
230319<>芝山物見〜大辻・ヤシオ山<>https://anineco.org/230319.html<><>1<>
230401<>大坂峠〜須花城跡・城之山〜小野久保山〜浅利山<>https://anineco.org/230401.html<><>1<>
230409<>川化山〜かまど倉<>https://anineco.org/230409.html<><>1<>
230422<>夕日岳〜地蔵岳<>https://anineco.org/230422.html<><>1<>
230429<>鳴神山〜金沢峠<>https://anineco.org/230429.html<><>1<>
230527<>古賀志山<>https://anineco.org/230527.html<><>1<>
230604<>戸谷峰〜六人坊〜三才山〜烏帽子岩<>https://anineco.org/230604.html<><>1<>
230617<>斑尾高原〜鍋倉山（信越トレイル）<>https://anineco.org/230617.html<><>1<>
230702<>芝草山<>https://anineco.org/230702.html<><>1<>
230723<>日蔭山〜霧ノ塔<>https://anineco.org/230723.html<><>1<>
230806<>中ノ岳<>https://anineco.org/230806.html<><>1<>
230902<>工石山・程野の滝<>https://anineco.org/<><>1<>
230903<>三嶺<>https://anineco.org/230903.html<><>1<>
230915<>六甲山西部縦走<>https://anineco.org/230915.html<><>1<>
230924<>丸山〜日向山<>https://anineco.org/230924.html<><>1<>
231014<>持丸山<>https://anineco.org/231014.html<><>1<>
231021<>荒船山<>https://anineco.org/231021.html<><>1<>
231029<>大室山〜加入道山<>https://anineco.org/231029.html<><>1<>
231103<>荒海山<>https://anineco.org/231103.html<><>1<>
231104<>七ヶ岳<>https://anineco.org/231104.html<><>1<>
231119<>独鈷山〜三依山〜塩沢山<>https://anineco.org/231119.html<><>1<>
231126<>波遊山〜葛老山<>https://anineco.org/231126.html<><>1<>
231203<>根本山〜熊鷹山<>https://anineco.org/231203.html<><>1<>
231210<>外山〜鳴虫山<>https://anineco.org/231210.html<><>1<>
231229<>鐘ヶ岳〜三峰山<>https://anineco.org/231229.html<><>1<>
240108<>新柵山〜丸山〜大築山<>https://anineco.org/240108.html<><>1<>
240127<>弓立山〜雷電山<>https://anineco.org/240127.html<><>1<>
240217<>妙見山〜どんつく山〜内郷山<>https://anineco.org/240217.html<><>1<>
240303<>菅東山〜浅間山〜樺崎城山〜鳩の峰<>https://anineco.org/240303.html<><>1<>
240310<>助戸東山〜尻無山〜大月御嶽山<>https://anineco.org/240310.html<><>1<>
240414<>達磨山<>https://anineco.org/240414.html<><>1<>
240428<>京ヶ倉<>https://anineco.org/240428.html<><>1<>
240503<>畦ヶ丸<>https://anineco.org/240503.html<><>1<>
240511<>棒ノ嶺<>https://anineco.org/240511.html<><>1<>
240518<>高原山<>https://anineco.org/240518.html<><>1<>
240601<>破風岳〜土鍋山<>https://anineco.org/240601.html<><>1<>
240621<>鍋蓋山〜摩耶山<>https://anineco.org/240621.html<><>1<>
240622<>有馬三山<>https://anineco.org/240622.html<><>1<>
240707<>坊主岳<>https://anineco.org/240707.html<><>1<>
240721<>入笠山<>https://anineco.org/240721.html<><>1<>
240812<>千頭星山〜甘利山<>https://anineco.org/240812.html<><>1<>
240818<>谷川岳<>https://anineco.org/240818.html<><>1<>
240914<>烏帽子岳・隠居岳・国見山<>https://anineco.org/240914.html<><>1<>
240915<>志々伎山・佐志岳<>https://anineco.org/240915.html<><>1<>
240916<>牧山<>https://anineco.org/240916.html<><>1<>
240924<>安達太良山<>https://anineco.org/240924.html<><>1<>
241014<>八海山<>https://anineco.org/241014.html<><>1<>
241020<>御座山<>https://anineco.org/241020.html<><>1<>
241104<>黒山三滝〜関八州見晴台<>https://anineco.org/241104.html<><>1<>
241109<>十坊山〜浮嶽〜女岳<>https://anineco.org/241109.html<><>1<>
241123<>宝篋山<>https://anineco.org/241123.html<><>1<>
241201<>彦谷湯殿山<>https://anineco.org/241201.html<><>1<>
241208<>毘沙門山<>https://anineco.org/241208.html<><>1<>
241215<>釜ノ沢五峰<>https://anineco.org/241215.html<><>1<>
